Timestamp, Issue Type, Details
2025-05-29 18:20:46, Low Confidence, Confidence=0.0500 for caption '...'
2025-05-29 18:20:46, Inconsistent Caption, Similarity=0.6500 between caption pairs
2025-05-29 18:21:04, Low Confidence, Confidence=0.0500 for caption '...'
2025-05-29 18:21:04, Inconsistent Caption, Similarity=0.6500 between caption pairs
2025-05-29 18:21:11, Low Confidence, Confidence=0.0500 for caption '...'
2025-05-29 18:21:11, Inconsistent Caption, Similarity=0.6500 between caption pairs
2025-05-29 19:44:58, Low Confidence, Confidence=0.0500 for caption '...'
2025-05-29 19:44:58, Inconsistent Caption, Similarity=0.6500 between caption pairs
2025-05-29 19:46:36, Low Confidence, Confidence=0.0500 for caption '...'
2025-05-29 19:46:36, Inconsistent Caption, Similarity=0.6500 between caption pairs
2025-05-29 19:47:02, Low Confidence, Confidence=0.0500 for caption '...'
2025-05-29 19:47:02, Inconsistent Caption, Similarity=0.6500 between caption pairs
2025-05-29 19:47:18, Low Confidence, Confidence=0.0500 for caption '...'
2025-05-29 19:47:18, Inconsistent Caption, Similarity=0.6500 between caption pairs
2025-05-29 19:50:26, Low Confidence, Confidence=0.0500 for caption '...'
2025-05-29 19:50:26, Inconsistent Caption, Similarity=0.6500 between caption pairs
2025-05-29 19:50:41, Low Confidence, Confidence=0.0500 for caption '...'
2025-05-29 19:50:41, Inconsistent Caption, Similarity=0.6500 between caption pairs
2025-05-29 19:51:48, Low Confidence, Confidence=0.0500 for caption '...'
2025-05-29 19:51:48, Inconsistent Caption, Similarity=0.6500 between caption pairs
2025-05-29 20:02:31, Low Confidence, Confidence=0.0500 for caption '...'
2025-05-29 20:02:31, Inconsistent Caption, Similarity=0.6500 between caption pairs
2025-05-29 20:13:49, Low Confidence, Confidence=0.0500 for caption '...'
2025-05-29 20:13:49, Inconsistent Caption, Similarity=0.6500 between caption pairs
2025-05-29 20:14:05, Low Confidence, Confidence=0.0500 for caption '...'
2025-05-29 20:14:05, Inconsistent Caption, Similarity=0.6500 between caption pairs
2025-05-29 20:18:32, Low Confidence, Confidence=0.0500 for caption '...'
2025-05-29 20:18:32, Inconsistent Caption, Similarity=0.6500 between caption pairs
2025-05-29 20:18:46, Low Confidence, Confidence=0.0500 for caption '...'
2025-05-29 20:18:46, Inconsistent Caption, Similarity=0.6500 between caption pairs
2025-05-29 20:29:26, Low Confidence, Confidence=0.0500 for caption '...'
2025-05-29 20:29:26, Inconsistent Caption, Similarity=0.6500 between caption pairs
2025-05-29 20:30:30, Low Confidence, Confidence=0.0500 for caption '...'
2025-05-29 20:30:30, Inconsistent Caption, Similarity=0.6500 between caption pairs
2025-05-29 20:32:49, Low Confidence, Confidence=0.0500 for caption '...'
2025-05-29 20:32:49, Inconsistent Caption, Similarity=0.6500 between caption pairs
2025-05-29 20:33:11, Low Confidence, Confidence=0.0500 for caption '...'
2025-05-29 20:33:11, Inconsistent Caption, Similarity=0.6500 between caption pairs
2025-05-29 20:41:52, Low Confidence, Confidence=0.0500 for caption '...'
2025-05-29 20:41:52, Inconsistent Caption, Similarity=0.6500 between caption pairs
2025-05-29 20:42:19, Low Confidence, Confidence=0.0500 for caption '...'
2025-05-29 20:42:19, Inconsistent Caption, Similarity=0.6500 between caption pairs
2025-05-29 20:53:58, Low Confidence, Confidence=0.0500 for caption '...'
2025-05-29 20:53:58, Inconsistent Caption, Similarity=0.6500 between caption pairs
[2025-05-29 20:58:58] WARNING - Something went wrong.
[2025-05-29 20:59:18] WARNING - Low Confidence: Confidence=0.0002 for caption 'circuit layout and flow chart'
[2025-05-29 20:59:18] WARNING - Low Confidence: Confidence=0.2700 for caption 'circuit layout and flow please provide a detailed description., ca, ca, ca, ca, ca, ca, ca, ca, ca'
[2025-05-29 21:17:45] WARNING - Low Confidence: Confidence=0.0000 for caption 'revenue distribution by region'
[2025-05-29 21:17:45] WARNING - Low Confidence: Confidence=0.0000 for caption 'revenue distribution by region please provide a detailed description.'
[2025-05-29 21:31:52] WARNING - Low Confidence: Confidence=0.0001 for caption 'revenue distribution by region'
[2025-05-29 21:31:52] WARNING - Low Confidence: Confidence=0.0002 for caption 'revenue distribution by region please provide a detailed description.'
[2025-05-29 21:39:24] WARNING - Low Confidence: Confidence=0.0011 for caption 'circuit layout and flow'
[2025-05-29 21:39:24] WARNING - Low Confidence: Confidence=0.0007 for caption 'circuit layout and flow please provide a detailed description., 2006'
[2025-05-29 21:47:26] WARNING - Low Confidence: Confidence=0.0001 for caption 'circuit layout and flow rate'
[2025-05-29 21:47:26] WARNING - Low Confidence: Confidence=0.0005 for caption 'circuit layout and flow please provide a detailed description.'
[2025-05-29 21:51:38] WARNING - Low Confidence: Confidence=0.0014 for caption 'circuit layout and flow'
[2025-05-29 21:51:38] WARNING - Low Confidence: Confidence=0.0018 for caption 'circuit layout and flow please provide a detailed description.'
[2025-05-29 22:06:12] WARNING - Low Confidence: Confidence=0.0002 for caption 'revenue distribution by region'
[2025-05-29 22:06:12] WARNING - Low Confidence: Confidence=0.0003 for caption 'revenue distribution by region please provide a detailed description., ukraine, may 2009'
[2025-05-29 22:19:12] WARNING - Low Confidence: Confidence=0.0006 for caption 'diagram of internal system architecture ferraris'
[2025-05-29 22:19:12] WARNING - Low Confidence: Confidence=0.0006 for caption 'diagram of internal system architecture please provide a detailed description. ferrari'
[2025-05-29 22:31:37] WARNING - Low Confidence: Confidence=0.0003 for caption 'user engagement comparison between platforms and dogs'
[2025-05-29 22:31:37] WARNING - Low Confidence: Confidence=0.0001 for caption 'user engagement comparison between platforms please provide a detailed description.er'
[2025-05-29 22:34:17] WARNING - Low Confidence: 0.0009 for 'user engagement comparison between platforms and platforms'
[2025-05-29 22:34:17] WARNING - Low Confidence: 0.0007 for 'user engagement comparison between platforms please provide a detailed description.er'
[2025-05-29 22:36:06] WARNING - Low Confidence: 0.0004 for 'diagram of internal system architecture'
[2025-05-29 22:36:06] WARNING - Low Confidence: 0.0005 for 'diagram of internal system architecture please provide a detailed description.'
[2025-05-29 22:53:14] WARNING - Low Confidence: 0.2216 for 'user engagement comparison between platforms and platforms the user engagement between platforms and platforms the user engagement between platforms the user interaction between platforms the user interaction between'
[2025-05-29 22:53:14] WARNING - Low Confidence: 0.0003 for 'user engagement comparison between platforms please provide a detailed description.er ' s perspective'
[2025-05-29 23:00:58] WARNING - Low Confidence: 0.0004 for 'monthly trend in conversions'
[2025-05-29 23:00:58] WARNING - Low Confidence: 0.0002 for 'monthly trend in conversions please provide a detailed description.'
[2025-05-29 23:09:19] WARNING - Low Confidence: 0.0011 for 'circuit layout and flow'
[2025-05-29 23:09:19] WARNING - Low Confidence: 0.0007 for 'circuit layout and flow please provide a detailed description., 2006'
[2025-05-30 12:47:52] WARNING - Low Confidence: 0.0006 for 'revenue distribution by region'
[2025-05-30 12:47:52] WARNING - Low Confidence: 0.0007 for 'revenue distribution by region please provide a detailed description., 2007'
[2025-05-30 13:01:36] WARNING - Low Confidence: 0.0025 for 'user engagement comparison between platforms'
[2025-05-30 13:01:36] WARNING - Low Confidence: 0.0005 for 'user engagement comparison between platforms please provide a detailed description.er'
[2025-05-30 13:14:38] WARNING - Low Confidence: 0.0009 for 'user engagement comparison between platforms'
[2025-05-30 13:14:38] WARNING - Low Confidence: 0.0003 for 'user engagement comparison between platforms please provide a detailed description.s'
[2025-05-30 13:25:18] WARNING - Low Confidence: 0.0008 for 'diagram of internal system architecture'
[2025-05-30 13:25:18] WARNING - Low Confidence: 0.0017 for 'diagram of internal system architecture please provide a detailed description.'
[2025-05-30 13:29:37] WARNING - Low Confidence: 0.0017 for 'sales growth trend from 2018 to 2022'
[2025-05-30 13:29:37] WARNING - Low Confidence: 0.0010 for 'sales growth trend from 2018 to 2022 please provide a detailed description.'
[2025-05-30 13:30:15] WARNING - Low Confidence: 0.0003 for 'circuit layout and flow chart'
[2025-05-30 13:30:15] WARNING - Low Confidence: 0.0004 for 'circuit layout and flow please provide a detailed description.er'
[2025-05-30 14:09:43] WARNING - Low Confidence: 0.0002 for 'monthly trend in conversions'
[2025-05-30 14:09:43] WARNING - Low Confidence: 0.0001 for 'monthly trend in conversions please provide a detailed description.'
[2025-05-30 14:16:43] WARNING - Low Confidence: 0.0006 for 'diagram of internal system architecture'
[2025-05-30 14:16:43] WARNING - Low Confidence: 0.0031 for 'diagram of internal system architecture please provide a detailed description.'
[2025-05-30 14:36:49] INFO - Using prompt for captioning: Chart titled '' showing  vs .
[2025-05-30 14:36:53] WARNING - Low Confidence: 0.0526 for 'chart titled ' ' showing vs. ' ' s growth'
[2025-05-30 14:36:53] WARNING - Low Confidence: 0.0006 for 'chart titled ' ' showing vs. please provide a detailed description.'
[2025-05-30 14:36:53] WARNING - Inconsistent Caption: Similarity=0.0642
[2025-05-30 14:37:24] INFO - Using prompt for captioning: Chart titled '' showing  vs .
[2025-05-30 14:37:29] WARNING - Low Confidence: 0.0703 for 'chart titled ' ' showing vs.s ' ' s top 10 highest athletes'
[2025-05-30 14:37:29] WARNING - Low Confidence: 0.0011 for 'chart titled ' ' showing vs. please provide a detailed description.'
[2025-05-30 14:37:29] WARNING - Inconsistent Caption: Similarity=0.0642
[2025-05-30 14:46:53] WARNING - Low Confidence: 0.0001 for 'revenue distribution by region'
[2025-05-30 14:46:53] WARNING - Low Confidence: 0.0007 for 'revenue distribution by region please provide a detailed description., ca'
[2025-05-30 15:32:04] WARNING - Low Confidence: 0.0023 for 'please describe in detail., turkey'
[2025-05-30 15:32:04] WARNING - Inconsistent Caption: Similarity=0.0130
[2025-05-30 15:35:51] WARNING - Low Confidence: 0.0001 for 'diagram of internal system architecture'
[2025-05-30 15:35:51] WARNING - Low Confidence: 0.0072 for 'diagram of internal system architecture please provide a detailed description.er'
[2025-05-30 15:52:08] WARNING - Low Confidence: 0.0005 for 'diagram of internal system architecture'
[2025-05-30 15:52:08] WARNING - Low Confidence: 0.0004 for 'diagram of internal system architecture please provide a detailed description.'
[2025-05-30 15:59:57] WARNING - Low Confidence: 0.3831 for 'a bar chart showing the number of vehicles that have been tested for the ride'
[2025-05-30 15:59:57] WARNING - Low Confidence: 0.0006 for 'please describe in detail., thailand, and the philippines'
[2025-05-30 15:59:57] WARNING - Inconsistent Caption: Similarity=0.0076
[2025-05-30 16:00:20] WARNING - Low Confidence: 0.3284 for 'sales and sales growth chart'
[2025-05-30 16:00:20] WARNING - Low Confidence: 0.0022 for 'please describe in detail.s sales sales sales'
[2025-05-30 16:00:20] WARNING - Inconsistent Caption: Similarity=0.1363
[2025-05-30 16:43:25] WARNING - Low Confidence: 0.4381 for 'a bar chart with a bar chart and a bar chart'
[2025-05-30 16:43:25] WARNING - Low Confidence: 0.0025 for 'please describe in detail., thailand'
[2025-05-30 16:43:25] WARNING - Inconsistent Caption: Similarity=0.0483
[2025-05-30 16:44:53] WARNING - Low Confidence: 0.0002 for 'revenue distribution by region'
[2025-05-30 16:44:53] WARNING - Low Confidence: 0.0010 for 'revenue distribution by region please provide a detailed description., thailand'
[2025-05-30 16:46:56] WARNING - Low Confidence: 0.0004 for 'circuit layout and flow chart'
[2025-05-30 16:46:56] WARNING - Low Confidence: 0.2595 for 'circuit layout and flow please provide a detailed description., ca, ca, ca, ca, ca, ca, ca, ca, ca'
[2025-05-30 17:11:53] WARNING - Low Confidence: 0.2142 for 'the highest athletes who are most paid'
[2025-05-30 17:11:53] WARNING - Low Confidence: 0.0023 for 'please describe in detail.in info'
[2025-05-30 17:11:53] WARNING - Inconsistent Caption: Similarity=0.0002
[2025-05-30 17:20:49] WARNING - Low Confidence: 0.2142 for 'the highest athletes who are most paid'
[2025-05-30 17:20:49] WARNING - Low Confidence: 0.0023 for 'please describe in detail.in info'
[2025-05-30 17:20:49] WARNING - Inconsistent Caption: Similarity=0.0002
[2025-05-30 17:21:19] WARNING - Low Confidence: 0.0989 for 'new sales sales trends'
[2025-05-30 17:21:19] WARNING - Low Confidence: 0.3753 for 'new please provide a detailed description.s sales sales sales sales sales sales sales sales sales sales sales sales sales sales sales'
[2025-05-30 17:21:19] WARNING - Inconsistent Caption: Similarity=0.2476
[2025-05-30 17:24:54] WARNING - Low Confidence: 0.0023 for 'please describe in detail., turkey'
[2025-05-30 17:24:54] WARNING - Inconsistent Caption: Similarity=0.0130
[2025-05-30 17:25:16] WARNING - Low Confidence: 0.3101 for 'a diagram of the different types of the human brain'
[2025-05-30 17:25:16] WARNING - Low Confidence: 0.0018 for 'please describe in detail.i, the most important of the three - dimensional structures'
[2025-05-30 17:25:16] WARNING - Inconsistent Caption: Similarity=0.0172
[2025-05-30 17:25:35] WARNING - Low Confidence: 0.2142 for 'the highest athletes who are most paid'
[2025-05-30 17:25:35] WARNING - Low Confidence: 0.0023 for 'please describe in detail.in info'
[2025-05-30 17:25:36] WARNING - Inconsistent Caption: Similarity=0.0002
[2025-05-30 17:28:49] WARNING - Low Confidence: 0.2142 for 'the highest athletes who are most paid'
[2025-05-30 17:28:49] WARNING - Low Confidence: 0.0023 for 'please describe in detail.in info'
[2025-05-30 17:28:49] WARNING - Inconsistent Caption: Similarity=0.0002
[2025-05-30 17:35:30] WARNING - Low Confidence: 0.2142 for 'the highest athletes who are most paid'
[2025-05-30 17:35:30] WARNING - Low Confidence: 0.0023 for 'please describe in detail.in info'
[2025-05-30 17:35:30] WARNING - Inconsistent Caption: Similarity=0.0002
[2025-05-30 17:40:13] WARNING - Low Confidence: 0.2142 for 'the highest athletes who are most paid'
[2025-05-30 17:40:13] WARNING - Low Confidence: 0.0023 for 'please describe in detail.in info'
[2025-05-30 17:40:13] WARNING - Inconsistent Caption: Similarity=0.0002
[2025-05-30 17:52:34] WARNING - Low Confidence: 0.2142 for 'the highest athletes who are most paid'
[2025-05-30 17:52:34] WARNING - Low Confidence: 0.0023 for 'please describe in detail.in info'
[2025-05-30 18:04:14] WARNING - Low Confidence: 0.2549 for 'a graph of the number of different types of the human'
[2025-05-30 18:04:14] WARNING - Low Confidence: 0.0026 for 'please describe in detail., thailand, 2007'
[2025-05-30 18:04:15] WARNING - Inconsistent Caption: Similarity=0.0790
[2025-05-30 18:42:25] WARNING - Low Confidence: 0.2142 for 'the highest athletes who are most paid'
[2025-05-30 18:42:25] WARNING - Low Confidence: 0.0023 for 'please describe in detail.in info'
[2025-05-30 18:42:26] WARNING - Inconsistent Caption: Similarity=0.0002
[2025-05-30 19:15:26] WARNING - Low Confidence: 0.3137 for 'a diagram of the different types of the human body'
[2025-05-30 19:15:26] WARNING - Low Confidence: 0.0026 for 'please describe in detail., thailand'
[2025-05-30 19:15:27] WARNING - Inconsistent Caption: Similarity=0.0483
[2025-05-30 19:16:22] WARNING - Low Confidence: 0.2142 for 'the highest athletes who are most paid'
[2025-05-30 19:16:22] WARNING - Low Confidence: 0.0023 for 'please describe in detail.in info'
[2025-05-30 19:16:22] WARNING - Inconsistent Caption: Similarity=0.0002
[2025-05-30 19:50:33] WARNING - Low Confidence: 0.2142 for 'the highest athletes who are most paid'
[2025-05-30 19:50:33] WARNING - Low Confidence: 0.0023 for 'please describe in detail.in info'
[2025-05-30 19:50:33] WARNING - Inconsistent Caption: Similarity=0.0002
[2025-05-30 19:57:17] WARNING - Low Confidence: 0.2142 for 'the highest athletes who are most paid'
[2025-05-30 19:57:17] WARNING - Low Confidence: 0.0023 for 'please describe in detail.in info'
[2025-05-30 19:57:18] WARNING - Inconsistent Caption: Similarity=0.0002
[2025-05-30 19:57:56] WARNING - Low Confidence: 0.2142 for 'the highest athletes who are most paid'
[2025-05-30 19:57:56] WARNING - Low Confidence: 0.0023 for 'please describe in detail.in info'
[2025-05-30 19:57:56] WARNING - Inconsistent Caption: Similarity=0.0002
[2025-05-30 19:59:21] WARNING - Low Confidence: 0.2142 for 'the highest athletes who are most paid'
[2025-05-30 19:59:21] WARNING - Low Confidence: 0.0023 for 'please describe in detail.in info'
[2025-05-30 19:59:21] WARNING - Inconsistent Caption: Similarity=0.0002
[2025-05-30 20:01:29] WARNING - Low Confidence: 0.2142 for 'the highest athletes who are most paid'
[2025-05-30 20:01:29] WARNING - Low Confidence: 0.0023 for 'please describe in detail.in info'
[2025-05-30 20:01:29] WARNING - Inconsistent Caption: Similarity=0.0002
[2025-05-30 20:14:05] WARNING - Low Confidence: 0.2142 for 'the highest athletes who are most paid'
[2025-05-30 20:14:05] WARNING - Low Confidence: 0.0023 for 'please describe in detail.in info'
[2025-05-30 20:14:05] WARNING - Inconsistent Caption: Similarity=0.0002
[2025-05-30 20:16:17] WARNING - Low Confidence: 0.2142 for 'the highest athletes who are most paid'
[2025-05-30 20:16:17] WARNING - Low Confidence: 0.0023 for 'please describe in detail.in info'
[2025-05-30 20:16:17] WARNING - Inconsistent Caption: Similarity=0.0002
[2025-05-30 20:18:35] WARNING - Low Confidence: 0.2142 for 'the highest athletes who are most paid'
[2025-05-30 20:18:35] WARNING - Low Confidence: 0.0023 for 'please describe in detail.in info'
[2025-05-30 20:18:35] WARNING - Inconsistent Caption: Similarity=0.0002
[2025-05-30 20:19:37] WARNING - Low Confidence: 0.2142 for 'the highest athletes who are most paid'
[2025-05-30 20:19:37] WARNING - Low Confidence: 0.0023 for 'please describe in detail.in info'
[2025-05-30 20:19:38] WARNING - Inconsistent Caption: Similarity=0.0002
[2025-05-30 20:20:32] WARNING - Low Confidence: 0.2142 for 'the highest athletes who are most paid'
[2025-05-30 20:20:32] WARNING - Low Confidence: 0.0023 for 'please describe in detail.in info'
[2025-05-30 20:20:32] WARNING - Inconsistent Caption: Similarity=0.0002
[2025-05-30 20:21:22] WARNING - Low Confidence: 0.2142 for 'the highest athletes who are most paid'
[2025-05-30 20:21:22] WARNING - Low Confidence: 0.0023 for 'please describe in detail.in info'
[2025-05-30 20:21:22] WARNING - Inconsistent Caption: Similarity=0.0002
[2025-05-30 20:23:36] WARNING - Low Confidence: 0.2142 for 'the highest athletes who are most paid'
[2025-05-30 20:23:36] WARNING - Low Confidence: 0.0023 for 'please describe in detail.in info'
[2025-05-30 20:23:36] WARNING - Inconsistent Caption: Similarity=0.0002
[2025-05-30 20:26:40] WARNING - Low Confidence: 0.2142 for 'the highest athletes who are most paid'
[2025-05-30 20:26:40] WARNING - Low Confidence: 0.0023 for 'please describe in detail.in info'
[2025-05-30 20:26:41] WARNING - Inconsistent Caption: Similarity=0.0002
[2025-05-30 20:29:26] WARNING - Low Confidence: 0.2142 for 'the highest athletes who are most paid'
[2025-05-30 20:29:26] WARNING - Low Confidence: 0.0023 for 'please describe in detail.in info'
[2025-05-30 20:29:26] WARNING - Inconsistent Caption: Similarity=0.0002
[2025-05-30 20:30:26] WARNING - Low Confidence: 0.2142 for 'the highest athletes who are most paid'
[2025-05-30 20:30:26] WARNING - Low Confidence: 0.0023 for 'please describe in detail.in info'
[2025-05-30 20:30:26] WARNING - Inconsistent Caption: Similarity=0.0002
[2025-05-30 20:38:44] WARNING - Low Confidence: 0.2142 for 'the highest athletes who are most paid'
[2025-05-30 20:38:44] WARNING - Low Confidence: 0.0023 for 'please describe in detail.in info'
[2025-05-30 20:38:45] WARNING - Inconsistent Caption: Similarity=0.0002
[2025-05-30 20:47:53] WARNING - Low Confidence: 0.2142 for 'the highest athletes who are most paid'
[2025-05-30 20:47:53] WARNING - Low Confidence: 0.0023 for 'please describe in detail.in info'
[2025-05-30 20:47:54] WARNING - Inconsistent Caption: Similarity=0.0002
[2025-05-30 20:52:51] WARNING - Low Confidence: 0.2142 for 'the highest athletes who are most paid'
[2025-05-30 20:52:51] WARNING - Low Confidence: 0.0023 for 'please describe in detail.in info'
[2025-05-30 20:52:51] WARNING - Inconsistent Caption: Similarity=0.0002
[2025-05-30 20:54:05] WARNING - Low Confidence: 0.2142 for 'the highest athletes who are most paid'
[2025-05-30 20:54:05] WARNING - Low Confidence: 0.0023 for 'please describe in detail.in info'
[2025-05-30 20:54:05] WARNING - Inconsistent Caption: Similarity=0.0002
[2025-05-30 21:04:01] WARNING - Low Confidence: 0.2142 for 'the highest athletes who are most paid'
[2025-05-30 21:04:01] WARNING - Low Confidence: 0.0023 for 'please describe in detail.in info'
[2025-05-30 21:04:01] WARNING - Inconsistent Caption: Similarity=0.0002
[2025-05-30 21:12:59] WARNING - Low Confidence: 0.2142 for 'the highest athletes who are most paid'
[2025-05-30 21:12:59] WARNING - Low Confidence: 0.0023 for 'please describe in detail.in info'
[2025-05-30 21:12:59] WARNING - Inconsistent Caption: Similarity=0.0002
[2025-05-30 21:15:40] WARNING - Low Confidence: 0.2142 for 'the highest athletes who are most paid'
[2025-05-30 21:15:40] WARNING - Low Confidence: 0.0023 for 'please describe in detail.in info'
[2025-05-30 21:15:41] WARNING - Inconsistent Caption: Similarity=0.0002
[2025-05-30 21:16:53] WARNING - Low Confidence: 0.2142 for 'the highest athletes who are most paid'
[2025-05-30 21:16:53] WARNING - Low Confidence: 0.0023 for 'please describe in detail.in info'
[2025-05-30 21:16:53] WARNING - Inconsistent Caption: Similarity=0.0002
[2025-05-30 21:35:42] WARNING - Low Confidence: 0.2142 for 'the highest athletes who are most paid'
[2025-05-30 21:35:42] WARNING - Low Confidence: 0.0023 for 'please describe in detail.in info'
[2025-05-30 21:35:42] WARNING - Inconsistent Caption: Similarity=0.0002
[2025-05-30 21:39:21] WARNING - Low Confidence: 0.2142 for 'the highest athletes who are most paid'
[2025-05-30 21:39:21] WARNING - Low Confidence: 0.0023 for 'please describe in detail.in info'
[2025-05-30 21:39:21] WARNING - Inconsistent Caption: Similarity=0.0002
[2025-05-30 21:40:08] WARNING - Low Confidence: 0.2142 for 'the highest athletes who are most paid'
[2025-05-30 21:40:08] WARNING - Low Confidence: 0.0023 for 'please describe in detail.in info'
[2025-05-30 21:40:08] WARNING - Inconsistent Caption: Similarity=0.0002
